#
# A fatal error has been detected by the Java Runtime Environment:
#
#  EXCEPTION_ILLEGAL_INSTRUCTION (0xc000001d) at pc=0x00000000050108bf, pid=6740, tid=0x0000000000002f54
#
# JRE version: OpenJDK Runtime Environment (8.0_152-b01) (build 1.8.0_152-release-915-b01)
# Java VM: OpenJDK 64-Bit Server VM (25.152-b01 mixed mode windows-amd64 compressed oops)
# Problematic frame:
# J 16841 C2 com.android.dex.Dex$Section.readString()Ljava/lang/String; (172 bytes) @ 0x00000000050108bf [0x0000000005010560+0x35f]
#
# Failed to write core dump. Minidumps are not enabled by default on client versions of Windows
#
# If you would like to submit a bug report, please visit:
#   http://bugreport.java.com/bugreport/crash.jsp
#

---------------  T H R E A D  ---------------

Current thread (0x0000000018afc000):  JavaThread "ForkJoinPool.commonPool-worker-3" daemon [_thread_in_Java, id=12116, stack(0x0000000023f50000,0x0000000024050000)]

siginfo: ExceptionCode=0xc000001d

Registers:
RAX=0x00000000ef4dfc00, RBX=0x00000000ef4dfca0, RCX=0x000000000000160c, RDX=0x000000000000160c
RSP=0x000000002404e8c0, RBP=0x00000000ef4dfc50, RSI=0x00000000ef3f8f10, RDI=0x0000000000000000
R8 =0x000000000000160c, R9 =0x0000000000000dd6, R10=0x0000000000000dd6, R11=0x00000000ef4dfcb8
R12=0x0000000000000000, R13=0x0000000000000000, R14=0x000000002404eb00, R15=0x0000000018afc000
RIP=0x00000000050108bf, EFLAGS=0x0000000000010287

Top of Stack: (sp=0x000000002404e8c0)
0x000000002404e8c0:   0000000000000028 00000000ef3f73b0
0x000000002404e8d0:   0000000000000028 000000002404e900
0x000000002404e8e0:   000000000000001f 00000000054bb054
0x000000002404e8f0:   0000001fef3a78e8 0000160c00000184
0x000000002404e900:   000000002404eaa8 00000000ef4dfc60
0x000000002404e910:   00000000ef3f8f40 000000000286d97c
0x000000002404e920:   00000000ef4dfa18 00000000ef3f7998
0x000000002404e930:   00000000ef4dfa90 00000000ef3f8f10
0x000000002404e940:   000000002404eaa8 ef4dfa90ef4dfa18
0x000000002404e950:   000000002404eaa8 000000000548cb5c
0x000000002404e960:   000000002404e990 00000000ef4df780
0x000000002404e970:   000000002404eaa8 0000000005045b68
0x000000002404e980:   00000000ef3f7540 00000000ef3f7998
0x000000002404e990:   000000002404eaa8 0000000004ffb784
0x000000002404e9a0:   000001802404eaa8 00000000ef3f7998
0x000000002404e9b0:   00000000ef4dfb68 00000000ef4d3c70 

Instructions: (pc=0x00000000050108bf)
0x000000000501089f:   58 89 4c 24 5c 66 66 90 e8 34 4c 2b fd cc 4c 8b
0x00000000050108af:   d0 49 8b 5f 60 4c 8b db 49 83 c3 18 4d 3b 5f 70
0x00000000050108bf:   0f 83 8c 04 00 00 4d 89 5f 60 41 0f 0d 8b c0 00
0x00000000050108cf:   00 00 41 b8 c2 02 00 20 49 bb 00 00 00 00 00 00 


Register to memory mapping:

RAX=0x00000000ef4dfc00 is an oop

[error occurred during error reporting (printing register info), id 0xc0000005]

Stack: [0x0000000023f50000,0x0000000024050000],  sp=0x000000002404e8c0,  free space=1018k
Native frames: (J=compiled Java code, j=interpreted, Vv=VM code, C=native code)
C  0x00000000050108bf


---------------  P R O C E S S  ---------------

Java Threads: ( => current thread )
  0x0000000018afb000 JavaThread "ForkJoinPool.commonPool-worker-0" daemon [_thread_blocked, id=7344, stack(0x0000000024050000,0x0000000024150000)]
=>0x0000000018afc000 JavaThread "ForkJoinPool.commonPool-worker-3" daemon [_thread_in_Java, id=12116, stack(0x0000000023f50000,0x0000000024050000)]
  0x0000000018af4800 JavaThread "ForkJoinPool.commonPool-worker-2" daemon [_thread_blocked, id=8888, stack(0x0000000022a80000,0x0000000022b80000)]
  0x0000000018af7800 JavaThread "ForkJoinPool.commonPool-worker-1" daemon [_thread_blocked, id=12060, stack(0x0000000022980000,0x0000000022a80000)]
  0x0000000018af3000 JavaThread "Cache worker for Java compile cache (C:\Users\Rajbir\StudioProjects\w18-sec-3-group-3-project\.gradle\4.1\javaCompile)" [_thread_blocked, id=2656, stack(0x0000000022880000,0x0000000022980000)]
  0x000000001b872800 JavaThread "Task worker for ':' Thread 3" [_thread_blocked, id=9732, stack(0x0000000022780000,0x0000000022880000)]
  0x000000001b873800 JavaThread "Task worker for ':' Thread 2" [_thread_blocked, id=4280, stack(0x0000000022080000,0x0000000022180000)]
  0x000000001b86f000 JavaThread "Task worker for ':'" [_thread_blocked, id=11672, stack(0x0000000021970000,0x0000000021a70000)]
  0x000000001b86f800 JavaThread "Cache worker for task history cache (C:\Users\Rajbir\StudioProjects\w18-sec-3-group-3-project\.gradle\4.1\taskHistory)" [_thread_blocked, id=11464, stack(0x0000000021870000,0x0000000021970000)]
  0x000000001b872000 JavaThread "Cache worker for file content cache (C:\Users\Rajbir\StudioProjects\w18-sec-3-group-3-project\.gradle\4.1\fileContent)" [_thread_blocked, id=2044, stack(0x000000001e720000,0x000000001e820000)]
  0x000000001b86d800 JavaThread "build operations Thread 4" [_thread_blocked, id=9776, stack(0x000000001d920000,0x000000001da20000)]
  0x000000001b86c800 JavaThread "build operations Thread 3" [_thread_blocked, id=8932, stack(0x000000001d820000,0x000000001d920000)]
  0x000000001b86e000 JavaThread "build operations Thread 2" [_thread_blocked, id=6580, stack(0x000000001d720000,0x000000001d820000)]
  0x000000001b869000 JavaThread "build operations" [_thread_blocked, id=12212, stack(0x000000001c530000,0x000000001c630000)]
  0x000000001b86b000 JavaThread "Cache worker for Artifact transforms cache (C:\Users\Rajbir\.gradle\caches\transforms-1)" [_thread_blocked, id=11056, stack(0x000000001bc30000,0x000000001bd30000)]
  0x000000001b86a800 JavaThread "Cache worker for file hash cache (C:\Users\Rajbir\StudioProjects\w18-sec-3-group-3-project\.gradle\4.1\fileHashes)" [_thread_blocked, id=8124, stack(0x000000001b930000,0x000000001ba30000)]
  0x000000001b869800 JavaThread "Stdin handler" [_thread_blocked, id=9344, stack(0x000000001a020000,0x000000001a120000)]
  0x000000001b86c000 JavaThread "Asynchronous log dispatcher for DefaultDaemonConnection: socket connection from /127.0.0.1:61050 to /127.0.0.1:61370" [_thread_blocked, id=2052, stack(0x0000000019f20000,0x000000001a020000)]
  0x000000001b864800 JavaThread "Daemon worker Thread 4" [_thread_blocked, id=10976, stack(0x0000000019e20000,0x0000000019f20000)]
  0x000000001b867800 JavaThread "Cancel handler" [_thread_blocked, id=96, stack(0x0000000019d20000,0x0000000019e20000)]
  0x000000001b866000 JavaThread "Handler for socket connection from /127.0.0.1:61050 to /127.0.0.1:61370" [_thread_in_native, id=11620, stack(0x0000000019a20000,0x0000000019b20000)]
  0x000000001b866800 JavaThread "Daemon Thread 4" [_thread_blocked, id=6400, stack(0x0000000019920000,0x0000000019a20000)]
  0x0000000018af5000 JavaThread "Memory manager" [_thread_blocked, id=4052, stack(0x000000001e220000,0x000000001e320000)]
  0x0000000017908800 JavaThread "File lock request listener" [_thread_in_native, id=10896, stack(0x000000001a220000,0x000000001a320000)]
  0x0000000016fb3800 JavaThread "Cache worker for file hash cache (C:\Users\Rajbir\.gradle\caches\4.1\fileHashes)" [_thread_blocked, id=7452, stack(0x000000001a120000,0x000000001a220000)]
  0x00000000175ac000 JavaThread "Daemon periodic checks" [_thread_blocked, id=5860, stack(0x0000000019820000,0x0000000019920000)]
  0x0000000017823000 JavaThread "Incoming local TCP Connector on port 61050" [_thread_in_native, id=1396, stack(0x0000000018150000,0x0000000018250000)]
  0x00000000163a8800 JavaThread "Service Thread" daemon [_thread_blocked, id=4876, stack(0x0000000016780000,0x0000000016880000)]
  0x0000000014959000 JavaThread "C1 CompilerThread2" daemon [_thread_blocked, id=8216, stack(0x0000000016280000,0x0000000016380000)]
  0x000000001494d800 JavaThread "C2 CompilerThread1" daemon [_thread_blocked, id=12180, stack(0x0000000016180000,0x0000000016280000)]
  0x0000000014948800 JavaThread "C2 CompilerThread0" daemon [_thread_blocked, id=7840, stack(0x0000000016080000,0x0000000016180000)]
  0x0000000014957000 JavaThread "Attach Listener" daemon [_thread_blocked, id=4384, stack(0x0000000015f80000,0x0000000016080000)]
  0x0000000014956000 JavaThread "Signal Dispatcher" daemon [_thread_blocked, id=10112, stack(0x0000000015e80000,0x0000000015f80000)]
  0x0000000014938800 JavaThread "Finalizer" daemon [_thread_blocked, id=1224, stack(0x0000000015bc0000,0x0000000015cc0000)]
  0x0000000002271000 JavaThread "Reference Handler" daemon [_thread_blocked, id=11460, stack(0x0000000015ac0000,0x0000000015bc0000)]
  0x000000000207d800 JavaThread "main" [_thread_blocked, id=5748, stack(0x0000000002080000,0x0000000002180000)]

Other Threads:
  0x0000000014916800 VMThread [stack: 0x00000000159c0000,0x0000000015ac0000] [id=8672]
  0x00000000163aa000 WatcherThread [stack: 0x0000000016880000,0x0000000016980000] [id=3672]

VM state:not at safepoint (normal execution)

VM Mutex/Monitor currently owned by a thread: None

Heap:
 PSYoungGen      total 155648K, used 97705K [0x00000000eab00000, 0x00000000f6580000, 0x0000000100000000)
  eden space 127488K, 59% used [0x00000000eab00000,0x00000000ef4fda98,0x00000000f2780000)
  from space 28160K, 77% used [0x00000000f4a00000,0x00000000f5f6cb70,0x00000000f6580000)
  to   space 31744K, 0% used [0x00000000f2780000,0x00000000f2780000,0x00000000f4680000)
 ParOldGen       total 94720K, used 61019K [0x00000000c0000000, 0x00000000c5c80000, 0x00000000eab00000)
  object space 94720K, 64% used [0x00000000c0000000,0x00000000c3b96fe0,0x00000000c5c80000)
 Metaspace       used 79009K, capacity 83431K, committed 83604K, reserved 1122304K
  class space    used 10097K, capacity 11121K, committed 11156K, reserved 1048576K

Card table byte_map: [0x0000000011640000,0x0000000011850000] byte_map_base: 0x0000000011040000

Marking Bits: (ParMarkBitMap*) 0x00000000633b3950
 Begin Bits: [0x0000000011db0000, 0x0000000012db0000)
 End Bits:   [0x0000000012db0000, 0x0000000013db0000)

Polling page: 0x0000000000840000

CodeCache: size=245760Kb used=51160Kb max_used=51172Kb free=194599Kb
 bounds [0x0000000002280000, 0x00000000054c0000, 0x0000000011280000]
 total_blobs=15744 nmethods=14897 adapters=758
 compilation: enabled

Compilation events (10 events):
Event: 5328.442 Thread 0x0000000014959000 18640       3       java.lang.Math::getExponent (17 bytes)
Event: 5328.443 Thread 0x0000000014959000 nmethod 18640 0x0000000005485010 code [0x0000000005485160, 0x00000000054852d0]
Event: 5328.443 Thread 0x000000001494d800 18641       4       com.android.dx.merge.DexMerger$1::read (8 bytes)
Event: 5328.443 Thread 0x0000000014948800 18642       4       java.util.AbstractMap::isEmpty (13 bytes)
Event: 5328.443 Thread 0x000000001494d800 nmethod 18641 0x000000000548c9d0 code [0x000000000548cb20, 0x000000000548cbc8]
Event: 5328.444 Thread 0x0000000014948800 nmethod 18642 0x00000000049553d0 code [0x0000000004955520, 0x00000000049555b8]
Event: 5328.444 Thread 0x000000001494d800 18643       4       java.util.TreeMap::deleteEntry (246 bytes)
Event: 5328.444 Thread 0x0000000014948800 18644   !   4       com.android.dex.Dex$Section::writeUleb128 (55 bytes)
Event: 5328.445 Thread 0x0000000014948800 nmethod 18644 0x00000000054baed0 code [0x00000000054bb020, 0x00000000054bb0c8]
Event: 5328.445 Thread 0x0000000014948800 18645       4       java.util.TreeMap::pollFirstEntry (21 bytes)

GC Heap History (10 events):
Event: 4717.304 GC heap before
{Heap before GC invocations=31 (full 3):
 PSYoungGen      total 157184K, used 156992K [0x00000000eab00000, 0x00000000f7780000, 0x0000000100000000)
  eden space 154112K, 100% used [0x00000000eab00000,0x00000000f4180000,0x00000000f4180000)
  from space 3072K, 93% used [0x00000000f4780000,0x00000000f4a50040,0x00000000f4a80000)
  to   space 27648K, 0% used [0x00000000f5c80000,0x00000000f5c80000,0x00000000f7780000)
 ParOldGen       total 94720K, used 60971K [0x00000000c0000000, 0x00000000c5c80000, 0x00000000eab00000)
  object space 94720K, 64% used [0x00000000c0000000,0x00000000c3b8afe0,0x00000000c5c80000)
 Metaspace       used 69827K, capacity 73235K, committed 73492K, reserved 1112064K
  class space    used 9131K, capacity 9956K, committed 10004K, reserved 1048576K
Event: 4717.331 GC heap after
Heap after GC invocations=31 (full 3):
 PSYoungGen      total 171520K, used 19227K [0x00000000eab00000, 0x00000000f7380000, 0x0000000100000000)
  eden space 147968K, 0% used [0x00000000eab00000,0x00000000eab00000,0x00000000f3b80000)
  from space 23552K, 81% used [0x00000000f5c80000,0x00000000f6f46ea8,0x00000000f7380000)
  to   space 28672K, 0% used [0x00000000f3b80000,0x00000000f3b80000,0x00000000f5780000)
 ParOldGen       total 94720K, used 60979K [0x00000000c0000000, 0x00000000c5c80000, 0x00000000eab00000)
  object space 94720K, 64% used [0x00000000c0000000,0x00000000c3b8cfe0,0x00000000c5c80000)
 Metaspace       used 69827K, capacity 73235K, committed 73492K, reserved 1112064K
  class space    used 9131K, capacity 9956K, committed 10004K, reserved 1048576K
}
Event: 4812.583 GC heap before
{Heap before GC invocations=32 (full 3):
 PSYoungGen      total 171520K, used 167195K [0x00000000eab00000, 0x00000000f7380000, 0x0000000100000000)
  eden space 147968K, 100% used [0x00000000eab00000,0x00000000f3b80000,0x00000000f3b80000)
  from space 23552K, 81% used [0x00000000f5c80000,0x00000000f6f46ea8,0x00000000f7380000)
  to   space 28672K, 0% used [0x00000000f3b80000,0x00000000f3b80000,0x00000000f5780000)
 ParOldGen       total 94720K, used 60979K [0x00000000c0000000, 0x00000000c5c80000, 0x00000000eab00000)
  object space 94720K, 64% used [0x00000000c0000000,0x00000000c3b8cfe0,0x00000000c5c80000)
 Metaspace       used 71783K, capacity 75583K, committed 75796K, reserved 1114112K
  class space    used 9294K, capacity 10232K, committed 10260K, reserved 1048576K
Event: 4812.608 GC heap after
Heap after GC invocations=32 (full 3):
 PSYoungGen      total 155136K, used 12622K [0x00000000eab00000, 0x00000000f6b00000, 0x0000000100000000)
  eden space 142336K, 0% used [0x00000000eab00000,0x00000000eab00000,0x00000000f3600000)
  from space 12800K, 98% used [0x00000000f3b80000,0x00000000f47d3aa0,0x00000000f4800000)
  to   space 27136K, 0% used [0x00000000f5080000,0x00000000f5080000,0x00000000f6b00000)
 ParOldGen       total 94720K, used 60995K [0x00000000c0000000, 0x00000000c5c80000, 0x00000000eab00000)
  object space 94720K, 64% used [0x00000000c0000000,0x00000000c3b90fe0,0x00000000c5c80000)
 Metaspace       used 71783K, capacity 75583K, committed 75796K, reserved 1114112K
  class space    used 9294K, capacity 10232K, committed 10260K, reserved 1048576K
}
Event: 4816.847 GC heap before
{Heap before GC invocations=33 (full 3):
 PSYoungGen      total 155136K, used 154958K [0x00000000eab00000, 0x00000000f6b00000, 0x0000000100000000)
  eden space 142336K, 100% used [0x00000000eab00000,0x00000000f3600000,0x00000000f3600000)
  from space 12800K, 98% used [0x00000000f3b80000,0x00000000f47d3aa0,0x00000000f4800000)
  to   space 27136K, 0% used [0x00000000f5080000,0x00000000f5080000,0x00000000f6b00000)
 ParOldGen       total 94720K, used 60995K [0x00000000c0000000, 0x00000000c5c80000, 0x00000000eab00000)
  object space 94720K, 64% used [0x00000000c0000000,0x00000000c3b90fe0,0x00000000c5c80000)
 Metaspace       used 72853K, capacity 76799K, committed 76948K, reserved 1116160K
  class space    used 9385K, capacity 10350K, committed 10388K, reserved 1048576K
Event: 4816.910 GC heap after
Heap after GC invocations=33 (full 3):
 PSYoungGen      total 162304K, used 20277K [0x00000000eab00000, 0x00000000f6900000, 0x0000000100000000)
  eden space 137216K, 0% used [0x00000000eab00000,0x00000000eab00000,0x00000000f3100000)
  from space 25088K, 80% used [0x00000000f5080000,0x00000000f644d4d0,0x00000000f6900000)
  to   space 28672K, 0% used [0x00000000f3100000,0x00000000f3100000,0x00000000f4d00000)
 ParOldGen       total 94720K, used 61003K [0x00000000c0000000, 0x00000000c5c80000, 0x00000000eab00000)
  object space 94720K, 64% used [0x00000000c0000000,0x00000000c3b92fe0,0x00000000c5c80000)
 Metaspace       used 72853K, capacity 76799K, committed 76948K, reserved 1116160K
  class space    used 9385K, capacity 10350K, committed 10388K, reserved 1048576K
}
Event: 5322.225 GC heap before
{Heap before GC invocations=34 (full 3):
 PSYoungGen      total 162304K, used 157493K [0x00000000eab00000, 0x00000000f6900000, 0x0000000100000000)
  eden space 137216K, 100% used [0x00000000eab00000,0x00000000f3100000,0x00000000f3100000)
  from space 25088K, 80% used [0x00000000f5080000,0x00000000f644d4d0,0x00000000f6900000)
  to   space 28672K, 0% used [0x00000000f3100000,0x00000000f3100000,0x00000000f4d00000)
 ParOldGen       total 94720K, used 61003K [0x00000000c0000000, 0x00000000c5c80000, 0x00000000eab00000)
  object space 94720K, 64% used [0x00000000c0000000,0x00000000c3b92fe0,0x00000000c5c80000)
 Metaspace       used 78466K, capacity 82751K, committed 82836K, reserved 1120256K
  class space    used 10075K, capacity 11104K, committed 11156K, reserved 1048576K
Event: 5322.251 GC heap after
Heap after GC invocations=34 (full 3):
 PSYoungGen      total 155136K, used 22697K [0x00000000eab00000, 0x00000000f6800000, 0x0000000100000000)
  eden space 132096K, 0% used [0x00000000eab00000,0x00000000eab00000,0x00000000f2c00000)
  from space 23040K, 98% used [0x00000000f3100000,0x00000000f472a730,0x00000000f4780000)
  to   space 30720K, 0% used [0x00000000f4a00000,0x00000000f4a00000,0x00000000f6800000)
 ParOldGen       total 94720K, used 61011K [0x00000000c0000000, 0x00000000c5c80000, 0x00000000eab00000)
  object space 94720K, 64% used [0x00000000c0000000,0x00000000c3b94fe0,0x00000000c5c80000)
 Metaspace       used 78466K, capacity 82751K, committed 82836K, reserved 1120256K
  class space    used 10075K, capacity 11104K, committed 11156K, reserved 1048576K
}
Event: 5325.637 GC heap before
{Heap before GC invocations=35 (full 3):
 PSYoungGen      total 155136K, used 154793K [0x00000000eab00000, 0x00000000f6800000, 0x0000000100000000)
  eden space 132096K, 100% used [0x00000000eab00000,0x00000000f2c00000,0x00000000f2c00000)
  from space 23040K, 98% used [0x00000000f3100000,0x00000000f472a730,0x00000000f4780000)
  to   space 30720K, 0% used [0x00000000f4a00000,0x00000000f4a00000,0x00000000f6800000)
 ParOldGen       total 94720K, used 61011K [0x00000000c0000000, 0x00000000c5c80000, 0x00000000eab00000)
  object space 94720K, 64% used [0x00000000c0000000,0x00000000c3b94fe0,0x00000000c5c80000)
 Metaspace       used 78662K, capacity 83043K, committed 83348K, reserved 1122304K
  class space    used 10086K, capacity 11110K, committed 11156K, reserved 1048576K
Event: 5325.674 GC heap after
Heap after GC invocations=35 (full 3):
 PSYoungGen      total 155648K, used 21938K [0x00000000eab00000, 0x00000000f6580000, 0x0000000100000000)
  eden space 127488K, 0% used [0x00000000eab00000,0x00000000eab00000,0x00000000f2780000)
  from space 28160K, 77% used [0x00000000f4a00000,0x00000000f5f6cb70,0x00000000f6580000)
  to   space 31744K, 0% used [0x00000000f2780000,0x00000000f2780000,0x00000000f4680000)
 ParOldGen       total 94720K, used 61019K [0x00000000c0000000, 0x00000000c5c80000, 0x00000000eab00000)
  object space 94720K, 64% used [0x00000000c0000000,0x00000000c3b96fe0,0x00000000c5c80000)
 Metaspace       used 78662K, capacity 83043K, committed 83348K, reserved 1122304K
  class space    used 10086K, capacity 11110K, committed 11156K, reserved 1048576K
}

Deoptimization events (10 events):
Event: 5327.182 Thread 0x0000000018af4800 Uncommon trap: reason=class_check action=maybe_recompile pc=0x0000000004f25768 method=com.android.dx.rop.type.Type.equals(Ljava/lang/Object;)Z @ 8
Event: 5327.182 Thread 0x0000000018af4800 Uncommon trap: reason=class_check action=maybe_recompile pc=0x0000000004f25768 method=com.android.dx.rop.type.Type.equals(Ljava/lang/Object;)Z @ 8
Event: 5327.182 Thread 0x0000000018af4800 Uncommon trap: reason=class_check action=maybe_recompile pc=0x0000000004f25768 method=com.android.dx.rop.type.Type.equals(Ljava/lang/Object;)Z @ 8
Event: 5327.183 Thread 0x0000000018af4800 Uncommon trap: reason=unstable_if action=reinterpret pc=0x0000000004e95334 method=java.util.BitSet.ensureCapacity(I)V @ 6
Event: 5327.236 Thread 0x0000000018af4800 Uncommon trap: reason=unstable_if action=reinterpret pc=0x0000000004f335dc method=com.android.dx.rop.cst.Constant.compareTo(Lcom/android/dx/rop/cst/Constant;)I @ 12
Event: 5327.395 Thread 0x0000000018af4800 Uncommon trap: reason=unstable_if action=reinterpret pc=0x000000000535bb04 method=com.android.dx.ssa.SsaRenamer$BlockRenamer.addMapping(ILcom/android/dx/rop/code/RegisterSpec;)V @ 120
Event: 5327.479 Thread 0x0000000018af4800 Uncommon trap: reason=speculate_class_check action=maybe_recompile pc=0x0000000004f25bfc method=com.android.dx.util.FixedSizeList.equals(Ljava/lang/Object;)Z @ 25
Event: 5327.479 Thread 0x0000000018af4800 Uncommon trap: reason=speculate_class_check action=maybe_recompile pc=0x0000000004f25bfc method=com.android.dx.util.FixedSizeList.equals(Ljava/lang/Object;)Z @ 25
Event: 5327.479 Thread 0x0000000018af4800 Uncommon trap: reason=speculate_class_check action=maybe_recompile pc=0x0000000004f25bfc method=com.android.dx.util.FixedSizeList.equals(Ljava/lang/Object;)Z @ 25
Event: 5327.479 Thread 0x0000000018af4800 Uncommon trap: reason=speculate_class_check action=maybe_recompile pc=0x0000000004f25bfc method=com.android.dx.util.FixedSizeList.equals(Ljava/lang/Object;)Z @ 25

Classes redefined (0 events):
No events

Internal exceptions (10 events):
Event: 4818.567 Thread 0x0000000018af9000 Exception <a 'sun/nio/fs/WindowsException'> (0x00000000edeb8bf0) thrown at [D:\src\AOSP-openjdk-cygwin\jdk8u\hotspot\src\share\vm\prims\jni.cpp, line 709]
Event: 4819.337 Thread 0x0000000018af4800 Implicit null exception at 0x000000000455a03e to 0x000000000455a471
Event: 4819.337 Thread 0x0000000018af4800 Implicit null exception at 0x0000000003605a90 to 0x0000000003605d49
Event: 4820.696 Thread 0x000000001b86f800 Exception <a 'java/lang/NoSuchMethodError': java.lang.Object.lambda$or$2(Ljava/util/function/Predicate;Ljava/lang/Object;)Z> (0x00000000eff6f600) thrown at [D:\src\AOSP-openjdk-cygwin\jdk8u\hotspot\src\share\vm\interpreter\linkResolver.cpp, line 584]
Event: 4820.700 Thread 0x000000001b86f800 Exception <a 'java/lang/NoSuchMethodError': java.lang.Object.lambda$comparing$ea9a8b3a$1(Ljava/util/Comparator;Ljava/util/function/Function;Ljava/lang/Object;Ljava/lang/Object;)I> (0x00000000eff82ae0) thrown at [D:\src\AOSP-openjdk-cygwin\jdk8u\hotspot\sr
Event: 4821.385 Thread 0x000000001b869800 Implicit null exception at 0x0000000002c4831c to 0x0000000002c494cd
Event: 4821.518 Thread 0x000000001b869800 Exception <a 'sun/nio/fs/WindowsException'> (0x00000000f1515b80) thrown at [D:\src\AOSP-openjdk-cygwin\jdk8u\hotspot\src\share\vm\prims\jni.cpp, line 709]
Event: 5322.024 Thread 0x000000001b864800 Exception <a 'java/lang/ClassNotFoundException': sync_local_repo4418_6yrzwvsb9aobo0eg6qetl5cepBeanInfo> (0x00000000f1f74a20) thrown at [D:\src\AOSP-openjdk-cygwin\jdk8u\hotspot\src\share\vm\classfile\systemDictionary.cpp, line 210]
Event: 5322.024 Thread 0x000000001b864800 Exception <a 'java/lang/ClassNotFoundException': sync_local_repo4418_6yrzwvsb9aobo0eg6qetl5cepCustomizer> (0x00000000f1f7f2b0) thrown at [D:\src\AOSP-openjdk-cygwin\jdk8u\hotspot\src\share\vm\classfile\systemDictionary.cpp, line 210]
Event: 5327.515 Thread 0x0000000018af4800 Exception <a 'sun/nio/fs/WindowsException'> (0x00000000ee87e3c8) thrown at [D:\src\AOSP-openjdk-cygwin\jdk8u\hotspot\src\share\vm\prims\jni.cpp, line 709]

Events (10 events):
Event: 5327.479 loading class com/android/dx/dex/code/CatchTable$Entry
Event: 5327.479 loading class com/android/dx/dex/code/CatchTable$Entry done
Event: 5327.496 loading class com/android/dx/rop/code/RegisterSpecList$Expander
Event: 5327.496 loading class com/android/dx/rop/code/RegisterSpecList$Expander done
Event: 5327.791 Thread 0x000000001b86f000 DEOPT PACKING pc=0x00000000040647e6 sp=0x0000000021a6c530
Event: 5327.791 Thread 0x000000001b86f000 DEOPT UNPACKING pc=0x00000000022c75bf sp=0x0000000021a6c318 mode 0
Event: 5327.939 Thread 0x000000001b86f000 DEOPT PACKING pc=0x00000000040647e6 sp=0x0000000021a6c530
Event: 5327.939 Thread 0x000000001b86f000 DEOPT UNPACKING pc=0x00000000022c75bf sp=0x0000000021a6c318 mode 0
Event: 5328.208 Thread 0x0000000018af4800 DEOPT PACKING pc=0x0000000005482be9 sp=0x0000000022b7e860
Event: 5328.208 Thread 0x0000000018af4800 DEOPT UNPACKING pc=0x00000000022c75bf sp=0x0000000022b7e5a0 mode 0


Dynamic libraries:
0x00007ff642190000 - 0x00007ff6421c1000 	C:\Program Files\Android\Android Studio\jre\bin\java.exe
0x00007fff0d6d0000 - 0x00007fff0d87d000 	C:\WINDOWS\SYSTEM32\ntdll.dll
0x00007fff0b2a0000 - 0x00007fff0b3de000 	C:\WINDOWS\system32\KERNEL32.DLL
0x00007ffef1c70000 - 0x00007ffef1ca4000 	C:\Program Files (x86)\AVG\Antivirus\x64\aswhooka.dll
0x00007fff0ac40000 - 0x00007fff0ad55000 	C:\WINDOWS\system32\KERNELBASE.dll
0x00007fff0d1e0000 - 0x00007fff0d28a000 	C:\WINDOWS\system32\ADVAPI32.dll
0x00007fff0d530000 - 0x00007fff0d6a7000 	C:\WINDOWS\system32\USER32.dll
0x00007fff08bd0000 - 0x00007fff08e4a000 	C:\WINDOWS\WinSxS\amd64_microsoft.windows.common-controls_6595b64144ccf1df_6.0.9600.17810_none_6240b9c7ecbd0bda\COMCTL32.dll
0x00007fff0b180000 - 0x00007fff0b22a000 	C:\WINDOWS\system32\msvcrt.dll
0x00007fff0d290000 - 0x00007fff0d2e9000 	C:\WINDOWS\SYSTEM32\sechost.dll
0x00007fff0cfd0000 - 0x00007fff0d110000 	C:\WINDOWS\system32\RPCRT4.dll
0x00007fff0b400000 - 0x00007fff0b54b000 	C:\WINDOWS\system32\GDI32.dll
0x00007fff0a980000 - 0x00007fff0a9ae000 	C:\WINDOWS\system32\SspiCli.dll
0x00007fff0af10000 - 0x00007fff0af46000 	C:\WINDOWS\system32\IMM32.DLL
0x00007fff0af50000 - 0x00007fff0b0a1000 	C:\WINDOWS\system32\MSCTF.dll
0x0000000062b10000 - 0x0000000062be2000 	C:\Program Files\Android\Android Studio\jre\jre\bin\msvcr100.dll
0x0000000062bf0000 - 0x000000006342e000 	C:\Program Files\Android\Android Studio\jre\jre\bin\server\jvm.dll
0x00007fff01f90000 - 0x00007fff01f99000 	C:\WINDOWS\SYSTEM32\WSOCK32.dll
0x00007fff02030000 - 0x00007fff02052000 	C:\WINDOWS\SYSTEM32\WINMM.dll
0x00007fff02600000 - 0x00007fff0260a000 	C:\WINDOWS\SYSTEM32\VERSION.dll
0x00007fff0b0b0000 - 0x00007fff0b0b7000 	C:\WINDOWS\system32\PSAPI.DLL
0x00007fff0b230000 - 0x00007fff0b28a000 	C:\WINDOWS\system32\WS2_32.dll
0x00007fff02000000 - 0x00007fff0202a000 	C:\WINDOWS\SYSTEM32\WINMMBASE.dll
0x00007fff0d6b0000 - 0x00007fff0d6b9000 	C:\WINDOWS\system32\NSI.dll
0x00007fff0a930000 - 0x00007fff0a97f000 	C:\WINDOWS\SYSTEM32\cfgmgr32.dll
0x00007fff09610000 - 0x00007fff09638000 	C:\WINDOWS\SYSTEM32\DEVOBJ.dll
0x00007fff07a20000 - 0x00007fff07a2f000 	C:\Program Files\Android\Android Studio\jre\jre\bin\verify.dll
0x00007ffefcdb0000 - 0x00007ffefcdd9000 	C:\Program Files\Android\Android Studio\jre\jre\bin\java.dll
0x00007fff003d0000 - 0x00007fff003e6000 	C:\Program Files\Android\Android Studio\jre\jre\bin\zip.dll
0x00007fff0baa0000 - 0x00007fff0cfcc000 	C:\WINDOWS\system32\SHELL32.dll
0x00007fff0b880000 - 0x00007fff0ba92000 	C:\WINDOWS\SYSTEM32\combase.dll
0x00007fff0d2f0000 - 0x00007fff0d344000 	C:\WINDOWS\system32\SHLWAPI.dll
0x00007fff090e0000 - 0x00007fff09192000 	C:\WINDOWS\SYSTEM32\SHCORE.dll
0x00007fff0a800000 - 0x00007fff0a815000 	C:\WINDOWS\SYSTEM32\profapi.dll
0x00007ffeffd30000 - 0x00007ffeffd4a000 	C:\Program Files\Android\Android Studio\jre\jre\bin\net.dll
0x00007fff0a030000 - 0x00007fff0a089000 	C:\WINDOWS\system32\mswsock.dll
0x00007ffeffa40000 - 0x00007ffeffa51000 	C:\Program Files\Android\Android Studio\jre\jre\bin\nio.dll
0x00007ffefa570000 - 0x00007ffefa58e000 	C:\Users\Rajbir\.gradle\native\25\windows-amd64\native-platform.dll
0x00007fff035e0000 - 0x00007fff035ed000 	C:\Program Files\Android\Android Studio\jre\jre\bin\management.dll
0x00007fff0a090000 - 0x00007fff0a0b0000 	C:\WINDOWS\SYSTEM32\CRYPTSP.dll
0x00007fff09cb0000 - 0x00007fff09ce6000 	C:\WINDOWS\system32\rsaenh.dll
0x00007fff0a2e0000 - 0x00007fff0a306000 	C:\WINDOWS\SYSTEM32\bcrypt.dll
0x00007fff09dc0000 - 0x00007fff09de1000 	C:\WINDOWS\SYSTEM32\USERENV.dll
0x00007fff0a600000 - 0x00007fff0a663000 	C:\WINDOWS\system32\bcryptprimitives.dll
0x00007fff0a670000 - 0x00007fff0a67b000 	C:\WINDOWS\SYSTEM32\CRYPTBASE.dll
0x00007fff054d0000 - 0x00007fff054fa000 	C:\WINDOWS\SYSTEM32\IPHLPAPI.DLL
0x00007fff054b0000 - 0x00007fff054ba000 	C:\WINDOWS\SYSTEM32\WINNSI.DLL
0x00007fff045b0000 - 0x00007fff045c6000 	C:\WINDOWS\SYSTEM32\dhcpcsvc6.DLL
0x00007fff04e80000 - 0x00007fff04e9a000 	C:\WINDOWS\SYSTEM32\dhcpcsvc.DLL
0x00007ffef8170000 - 0x00007ffef82fa000 	C:\WINDOWS\SYSTEM32\dbghelp.dll

VM Arguments:
jvm_args: -XX:+HeapDumpOnOutOfMemoryError -Xmx1024m -Dfile.encoding=windows-1252 -Duser.country=CA -Duser.language=en -Duser.variant 
java_command: org.gradle.launcher.daemon.bootstrap.GradleDaemon 4.1
java_class_path (initial): C:\Users\Rajbir\.gradle\wrapper\dists\gradle-4.1-all\bzyivzo6n839fup2jbap0tjew\gradle-4.1\lib\gradle-launcher-4.1.jar
Launcher Type: SUN_STANDARD

Environment Variables:
PATH=C:\ProgramData\Oracle\Java\javapath;C:\Program Files (x86)\Intel\iCLS Client\;C:\Program Files\Intel\iCLS Client\;C:\Windows\system32;C:\Windows;C:\Windows\System32\Wbem;C:\Windows\System32\WindowsPowerShell\v1.0\;C:\Program Files (x86)\Acer\abFiles\;C:\Program Files\Intel\Intel(R) Management Engine Components\DAL;C:\Program Files (x86)\Intel\Intel(R) Management Engine Components\DAL;C:\Program Files\Intel\Intel(R) Management Engine Components\IPT;C:\Program Files (x86)\Intel\Intel(R) Management Engine Components\IPT;C:\Program Files\Git\cmd;C:\Users\Rajbir\AppData\Local\Programs\Python\Launcher\
USERNAME=Rajbir
OS=Windows_NT
PROCESSOR_IDENTIFIER=Intel64 Family 6 Model 61 Stepping 4, GenuineIntel



---------------  S Y S T E M  ---------------

OS: Windows 8.1 , 64 bit Build 9600 (6.3.9600.17415)

CPU:total 4 (initial active 4) (2 cores per cpu, 2 threads per core) family 6 model 61 stepping 4, cmov, cx8, fxsr, mmx, sse, sse2, sse3, ssse3, sse4.1, sse4.2, popcnt, avx, avx2, aes, clmul, erms, 3dnowpref, lzcnt, ht, tsc, tscinvbit, bmi1, bmi2, adx

Memory: 4k page, physical 8301900k(1438576k free), swap 13806924k(5782984k free)

vm_info: OpenJDK 64-Bit Server VM (25.152-b01) for windows-amd64 JRE (1.8.0_152-release-915-b01), built by "builder" with MS VC++ 10.0 (VS2010)

time: Mon Apr 02 21:47:31 2018
elapsed time: 5328 seconds (0d 1h 28m 48s)

